-------------------------------------------------------------------------------
Test set: org.topcode.CacheServiceTest
-------------------------------------------------------------------------------
Tests run: 1, Failures: 0, Errors: 1, Skipped: 0, Time elapsed: 0.494 sec <<< FAILURE!
testPutUser(org.topcode.CacheServiceTest)  Time elapsed: 0.409 sec  <<< ERROR!
org.ehcache.StateTransitionException: Cache 'defaultCache' creation in EhcacheManager failed.
	at org.ehcache.core.StatusTransitioner$Transition.failed(StatusTransitioner.java:235)
	at org.ehcache.core.EhcacheManager.init(EhcacheManager.java:603)
	at org.ehcache.config.builders.CacheManagerBuilder.build(CacheManagerBuilder.java:72)
	at org.topcode.CacheService.init(CacheService.java:27)
	at org.topcode.CacheService.<init>(CacheService.java:20)
	at org.topcode.CacheServiceTest.testPutUser(CacheServiceTest.java:21)
	at sun.reflect.NativeMethodAccessorImpl.invoke0(Native Method)
	at sun.reflect.NativeMethodAccessorImpl.invoke(NativeMethodAccessorImpl.java:62)
	at sun.reflect.DelegatingMethodAccessorImpl.invoke(DelegatingMethodAccessorImpl.java:43)
	at java.lang.reflect.Method.invoke(Method.java:498)
	at org.junit.runners.model.FrameworkMethod$1.runReflectiveCall(FrameworkMethod.java:50)
	at org.junit.internal.runners.model.ReflectiveCallable.run(ReflectiveCallable.java:12)
	at org.junit.runners.model.FrameworkMethod.invokeExplosively(FrameworkMethod.java:47)
	at org.junit.internal.runners.statements.InvokeMethod.evaluate(InvokeMethod.java:17)
	at org.junit.runners.ParentRunner.runLeaf(ParentRunner.java:325)
	at org.junit.runners.BlockJUnit4ClassRunner.runChild(BlockJUnit4ClassRunner.java:78)
	at org.junit.runners.BlockJUnit4ClassRunner.runChild(BlockJUnit4ClassRunner.java:57)
	at org.junit.runners.ParentRunner$3.run(ParentRunner.java:290)
	at org.junit.runners.ParentRunner$1.schedule(ParentRunner.java:71)
	at org.junit.runners.ParentRunner.runChildren(ParentRunner.java:288)
	at org.junit.runners.ParentRunner.access$000(ParentRunner.java:58)
	at org.junit.runners.ParentRunner$2.evaluate(ParentRunner.java:268)
	at org.junit.runners.ParentRunner.run(ParentRunner.java:363)
	at org.apache.maven.surefire.junit4.JUnit4Provider.execute(JUnit4Provider.java:252)
	at org.apache.maven.surefire.junit4.JUnit4Provider.executeTestSet(JUnit4Provider.java:141)
	at org.apache.maven.surefire.junit4.JUnit4Provider.invoke(JUnit4Provider.java:112)
	at sun.reflect.NativeMethodAccessorImpl.invoke0(Native Method)
	at sun.reflect.NativeMethodAccessorImpl.invoke(NativeMethodAccessorImpl.java:62)
	at sun.reflect.DelegatingMethodAccessorImpl.invoke(DelegatingMethodAccessorImpl.java:43)
	at java.lang.reflect.Method.invoke(Method.java:498)
	at org.apache.maven.surefire.util.ReflectionUtils.invokeMethodWithArray(ReflectionUtils.java:189)
	at org.apache.maven.surefire.booter.ProviderFactory$ProviderProxy.invoke(ProviderFactory.java:165)
	at org.apache.maven.surefire.booter.ProviderFactory.invokeProvider(ProviderFactory.java:85)
	at org.apache.maven.surefire.booter.ForkedBooter.runSuitesInProcess(ForkedBooter.java:115)
	at org.apache.maven.surefire.booter.ForkedBooter.main(ForkedBooter.java:75)
Caused by: java.lang.IllegalStateException: Cache 'defaultCache' creation in EhcacheManager failed.
	at org.ehcache.core.EhcacheManager.createCache(EhcacheManager.java:294)
	at org.ehcache.core.EhcacheManager.init(EhcacheManager.java:582)
	... 33 more
Caused by: java.lang.RuntimeException: org.ehcache.spi.serialization.UnsupportedTypeException: No serializer found for type 'java.lang.Object'
	at org.ehcache.core.EhcacheManager.getStore(EhcacheManager.java:472)
	at org.ehcache.core.EhcacheManager.createNewEhcache(EhcacheManager.java:317)
	at org.ehcache.core.EhcacheManager.createCache(EhcacheManager.java:266)
	... 34 more
Caused by: org.ehcache.spi.serialization.UnsupportedTypeException: No serializer found for type 'java.lang.Object'
	at org.ehcache.impl.internal.spi.serialization.DefaultSerializationProvider.getSerializerClassFor(DefaultSerializationProvider.java:136)
	at org.ehcache.impl.internal.spi.serialization.DefaultSerializationProvider.createSerializer(DefaultSerializationProvider.java:98)
	at org.ehcache.impl.internal.spi.serialization.DefaultSerializationProvider.createKeySerializer(DefaultSerializationProvider.java:78)
	at org.ehcache.core.EhcacheManager.getStore(EhcacheManager.java:461)
	... 36 more

